In file included from [01m[K/opt/ros/humble/include/rclcpp/rclcpp/logging.hpp:24[m[K,
                 from [01m[K/opt/ros/humble/include/rclcpp/rclcpp/client.hpp:40[m[K,
                 from [01m[K/opt/ros/humble/include/rclcpp/rclcpp/callback_group.hpp:24[m[K,
                 from [01m[K/opt/ros/humble/include/rclcpp/rclcpp/any_executable.hpp:20[m[K,
                 from [01m[K/opt/ros/humble/include/rclcpp/rclcpp/memory_strategy.hpp:25[m[K,
                 from [01m[K/opt/ros/humble/include/rclcpp/rclcpp/memory_strategies.hpp:18[m[K,
                 from [01m[K/opt/ros/humble/include/rclcpp/rclcpp/executor_options.hpp:20[m[K,
                 from [01m[K/opt/ros/humble/include/rclcpp/rclcpp/executor.hpp:37[m[K,
                 from [01m[K/opt/ros/humble/include/rclcpp/rclcpp/executors/multi_threaded_executor.hpp:25[m[K,
                 from [01m[K/opt/ros/humble/include/rclcpp/rclcpp/executors.hpp:21[m[K,
                 from [01m[K/opt/ros/humble/include/rclcpp/rclcpp/rclcpp.hpp:155[m[K,
                 from [01m[K/home/evan/code/ndt-loc/src/a-loam/include/a-loam/common.h:4[m[K,
                 from [01m[K/home/evan/code/ndt-loc/src/a-loam/include/a-loam/ScanRegistration.hpp:13[m[K,
                 from [01m[K/home/evan/code/ndt-loc/src/a-loam/src/ScanRegistrationNode.cpp:1[m[K:
[01m[K/home/evan/code/ndt-loc/src/a-loam/src/ScanRegistrationNode.cpp:[m[K In member function â€˜[01m[Kvoid ALOAM::ScanRegistrationNode<PointT>::publish()[m[Kâ€™:
[01m[K/home/evan/code/ndt-loc/src/a-loam/src/ScanRegistrationNode.cpp:49:50:[m[K [01;31m[Kerror: [m[Kâ€˜[01m[Ksr[m[Kâ€™ was not declared in this scope
   49 |         RCLCPP_INFO(this -> get_logger(), "%ld", [01;31m[Ksr[m[K.getCornerPointsLessSharp().size());
      |                                                  [01;31m[K^~[m[K
[01m[K/home/evan/code/ndt-loc/src/a-loam/src/ScanRegistrationNode.cpp:51:23:[m[K [01;31m[Kerror: [m[Kâ€˜[01m[Ksr[m[Kâ€™ was not declared in this scope
   51 |         pcl::toROSMsg([01;31m[Ksr[m[K.getCornerPointsLessSharp(), laserCloudOutMsg);
      |                       [01;31m[K^~[m[K
gmake[2]: *** [CMakeFiles/scan_registration_node.dir/build.make:76: CMakeFiles/scan_registration_node.dir/src/ScanRegistrationNode.cpp.o] Error 1
gmake[1]: *** [CMakeFiles/Makefile2:137: CMakeFiles/scan_registration_node.dir/all] Error 2
gmake: *** [Makefile:146: all] Error 2
