[0.021s] Invoking command in '/home/evan/code/ndt-loc/build/data-publisher': CMAKE_PREFIX_PATH=${CMAKE_PREFIX_PATH}:/opt/ros/humble /usr/bin/cmake --build /home/evan/code/ndt-loc/build/data-publisher -- -j4 -l4
[0.102s] [ 50%] [32mBuilding CXX object CMakeFiles/lidar_data_node.dir/src/LidarData.cpp.o[0m
[6.301s] In file included from [01m[K/opt/ros/humble/include/rclcpp/rclcpp/client.hpp:40[m[K,
[6.301s]                  from [01m[K/opt/ros/humble/include/rclcpp/rclcpp/callback_group.hpp:24[m[K,
[6.301s]                  from [01m[K/opt/ros/humble/include/rclcpp/rclcpp/any_executable.hpp:20[m[K,
[6.301s]                  from [01m[K/opt/ros/humble/include/rclcpp/rclcpp/memory_strategy.hpp:25[m[K,
[6.301s]                  from [01m[K/opt/ros/humble/include/rclcpp/rclcpp/memory_strategies.hpp:18[m[K,
[6.301s]                  from [01m[K/opt/ros/humble/include/rclcpp/rclcpp/executor_options.hpp:20[m[K,
[6.301s]                  from [01m[K/opt/ros/humble/include/rclcpp/rclcpp/executor.hpp:37[m[K,
[6.301s]                  from [01m[K/opt/ros/humble/include/rclcpp/rclcpp/executors/multi_threaded_executor.hpp:25[m[K,
[6.301s]                  from [01m[K/opt/ros/humble/include/rclcpp/rclcpp/executors.hpp:21[m[K,
[6.301s]                  from [01m[K/opt/ros/humble/include/rclcpp/rclcpp/rclcpp.hpp:155[m[K,
[6.301s]                  from [01m[K/home/evan/code/ndt-loc/src/data-publisher/include/data-publisher/LidarData.h:9[m[K,
[6.301s]                  from [01m[K/home/evan/code/ndt-loc/src/data-publisher/src/LidarData.cpp:1[m[K:
[6.301s] [01m[K/home/evan/code/ndt-loc/src/data-publisher/src/LidarData.cpp:[m[K In member function â€˜[01m[Kvoid DATA::LidarData::ReadData()[m[Kâ€™:
[6.302s] [01m[K/home/evan/code/ndt-loc/src/data-publisher/src/LidarData.cpp:26:5:[m[K [01;31m[Kerror: [m[Kinvalid use of non-static member function â€˜[01m[Krclcpp::Logger rclcpp::Node::get_logger() const[m[Kâ€™
[6.302s]    26 |     [01;31m[KRCLCPP_INFO[m[K(this -> get_logger, file_path);
[6.302s]       |     [01;31m[K^~~~~~~~~~~[m[K
[6.302s] In file included from [01m[K/opt/ros/humble/include/rclcpp/rclcpp/executors/single_threaded_executor.hpp:28[m[K,
[6.302s]                  from [01m[K/opt/ros/humble/include/rclcpp/rclcpp/executors.hpp:22[m[K,
[6.302s]                  from [01m[K/opt/ros/humble/include/rclcpp/rclcpp/rclcpp.hpp:155[m[K,
[6.302s]                  from [01m[K/home/evan/code/ndt-loc/src/data-publisher/include/data-publisher/LidarData.h:9[m[K,
[6.302s]                  from [01m[K/home/evan/code/ndt-loc/src/data-publisher/src/LidarData.cpp:1[m[K:
[6.302s] [01m[K/opt/ros/humble/include/rclcpp/rclcpp/node.hpp:142:3:[m[K [01;36m[Knote: [m[Kdeclared here
[6.303s]   142 |   [01;36m[Kget_logger[m[K() const;
[6.303s]       |   [01;36m[K^~~~~~~~~~[m[K
[6.303s] In file included from [01m[K/opt/ros/humble/include/rclcpp/rclcpp/client.hpp:40[m[K,
[6.303s]                  from [01m[K/opt/ros/humble/include/rclcpp/rclcpp/callback_group.hpp:24[m[K,
[6.303s]                  from [01m[K/opt/ros/humble/include/rclcpp/rclcpp/any_executable.hpp:20[m[K,
[6.303s]                  from [01m[K/opt/ros/humble/include/rclcpp/rclcpp/memory_strategy.hpp:25[m[K,
[6.303s]                  from [01m[K/opt/ros/humble/include/rclcpp/rclcpp/memory_strategies.hpp:18[m[K,
[6.303s]                  from [01m[K/opt/ros/humble/include/rclcpp/rclcpp/executor_options.hpp:20[m[K,
[6.303s]                  from [01m[K/opt/ros/humble/include/rclcpp/rclcpp/executor.hpp:37[m[K,
[6.303s]                  from [01m[K/opt/ros/humble/include/rclcpp/rclcpp/executors/multi_threaded_executor.hpp:25[m[K,
[6.303s]                  from [01m[K/opt/ros/humble/include/rclcpp/rclcpp/executors.hpp:21[m[K,
[6.303s]                  from [01m[K/opt/ros/humble/include/rclcpp/rclcpp/rclcpp.hpp:155[m[K,
[6.304s]                  from [01m[K/home/evan/code/ndt-loc/src/data-publisher/include/data-publisher/LidarData.h:9[m[K,
[6.304s]                  from [01m[K/home/evan/code/ndt-loc/src/data-publisher/src/LidarData.cpp:1[m[K:
[6.304s] [01m[K/home/evan/code/ndt-loc/src/data-publisher/src/LidarData.cpp:26:5:[m[K [01;31m[Kerror: [m[Ktemplate argument 1 is invalid
[6.304s]    26 |     [01;31m[KRCLCPP_INFO[m[K(this -> get_logger, file_path);
[6.304s]       |     [01;31m[K^~~~~~~~~~~[m[K
[6.327s] [01m[K/home/evan/code/ndt-loc/src/data-publisher/src/LidarData.cpp:26:5:[m[K [01;31m[Kerror: [m[Kâ€˜[01m[K<declaration error>[m[Kâ€™ is not a template [[01;31m[K]8;;https://gcc.gnu.org/onlinedocs/gcc/Warning-Options.html#index-fpermissive-fpermissive]8;;[m[K]
[6.327s]    26 |     [01;31m[KRCLCPP_INFO[m[K(this -> get_logger, file_path);
[6.327s]       |     [01;31m[K^~~~~~~~~~~[m[K
[6.327s] [01m[K/home/evan/code/ndt-loc/src/data-publisher/src/LidarData.cpp:26:5:[m[K [01;31m[Kerror: [m[Ktemplate argument 1 is invalid
[6.327s]    26 |     [01;31m[KRCLCPP_INFO[m[K(this -> get_logger, file_path);
[6.327s]       |     [01;31m[K^~~~~~~~~~~[m[K
[6.328s] [01m[K/home/evan/code/ndt-loc/src/data-publisher/src/LidarData.cpp:26:5:[m[K [01;31m[Kerror: [m[Kâ€˜[01m[K<declaration error>[m[Kâ€™ is not a template [[01;31m[K]8;;https://gcc.gnu.org/onlinedocs/gcc/Warning-Options.html#index-fpermissive-fpermissive]8;;[m[K]
[6.328s]    26 |     [01;31m[KRCLCPP_INFO[m[K(this -> get_logger, file_path);
[6.328s]       |     [01;31m[K^~~~~~~~~~~[m[K
[6.328s] [01m[K/home/evan/code/ndt-loc/src/data-publisher/src/LidarData.cpp:26:5:[m[K [01;31m[Kerror: [m[Ktemplate argument 1 is invalid
[6.328s]    26 |     [01;31m[KRCLCPP_INFO[m[K(this -> get_logger, file_path);
[6.328s]       |     [01;31m[K^~~~~~~~~~~[m[K
[6.328s] In file included from [01m[K/opt/ros/humble/include/rclcpp/rclcpp/logging.hpp:24[m[K,
[6.328s]                  from [01m[K/opt/ros/humble/include/rclcpp/rclcpp/client.hpp:40[m[K,
[6.328s]                  from [01m[K/opt/ros/humble/include/rclcpp/rclcpp/callback_group.hpp:24[m[K,
[6.328s]                  from [01m[K/opt/ros/humble/include/rclcpp/rclcpp/any_executable.hpp:20[m[K,
[6.328s]                  from [01m[K/opt/ros/humble/include/rclcpp/rclcpp/memory_strategy.hpp:25[m[K,
[6.328s]                  from [01m[K/opt/ros/humble/include/rclcpp/rclcpp/memory_strategies.hpp:18[m[K,
[6.329s]                  from [01m[K/opt/ros/humble/include/rclcpp/rclcpp/executor_options.hpp:20[m[K,
[6.329s]                  from [01m[K/opt/ros/humble/include/rclcpp/rclcpp/executor.hpp:37[m[K,
[6.329s]                  from [01m[K/opt/ros/humble/include/rclcpp/rclcpp/executors/multi_threaded_executor.hpp:25[m[K,
[6.329s]                  from [01m[K/opt/ros/humble/include/rclcpp/rclcpp/executors.hpp:21[m[K,
[6.329s]                  from [01m[K/opt/ros/humble/include/rclcpp/rclcpp/rclcpp.hpp:155[m[K,
[6.329s]                  from [01m[K/home/evan/code/ndt-loc/src/data-publisher/include/data-publisher/LidarData.h:9[m[K,
[6.329s]                  from [01m[K/home/evan/code/ndt-loc/src/data-publisher/src/LidarData.cpp:1[m[K:
[6.329s] [01m[K/home/evan/code/ndt-loc/src/data-publisher/src/LidarData.cpp:26:25:[m[K [01;31m[Kerror: [m[Kinvalid use of member function â€˜[01m[Krclcpp::Logger rclcpp::Node::get_logger() const[m[Kâ€™ (did you forget the â€˜[01m[K()[m[Kâ€™ ?)
[6.329s]    26 |     RCLCPP_INFO(this -> [01;31m[Kg[m[Ket_logger, file_path);
[6.329s]       |                         [01;31m[K^[m[K
[6.329s] [01m[K/home/evan/code/ndt-loc/src/data-publisher/src/LidarData.cpp:26:25:[m[K [01;31m[Kerror: [m[Kinvalid use of member function â€˜[01m[Krclcpp::Logger rclcpp::Node::get_logger() const[m[Kâ€™ (did you forget the â€˜[01m[K()[m[Kâ€™ ?)
[6.329s]    26 |     RCLCPP_INFO(this -> [01;31m[Kg[m[Ket_logger, file_path);
[6.329s]       |                         [01;31m[K^[m[K
[7.628s] gmake[2]: *** [CMakeFiles/lidar_data_node.dir/build.make:76: CMakeFiles/lidar_data_node.dir/src/LidarData.cpp.o] Error 1
[7.628s] gmake[1]: *** [CMakeFiles/Makefile2:137: CMakeFiles/lidar_data_node.dir/all] Error 2
[7.628s] gmake: *** [Makefile:146: all] Error 2
[7.632s] Invoked command in '/home/evan/code/ndt-loc/build/data-publisher' returned '2': CMAKE_PREFIX_PATH=${CMAKE_PREFIX_PATH}:/opt/ros/humble /usr/bin/cmake --build /home/evan/code/ndt-loc/build/data-publisher -- -j4 -l4
