[0.021s] Invoking command in '/home/evan/code/ndt-loc/build/data-publisher': CMAKE_PREFIX_PATH=${CMAKE_PREFIX_PATH}:/opt/ros/humble /usr/bin/cmake --build /home/evan/code/ndt-loc/build/data-publisher -- -j4 -l4
[0.086s] [35m[1mConsolidate compiler generated dependencies of target lidar_data_node[0m
[0.128s] [ 50%] [32mBuilding CXX object CMakeFiles/lidar_data_node.dir/src/LidarData.cpp.o[0m
[6.571s] [01m[K/home/evan/code/ndt-loc/src/data-publisher/src/LidarData.cpp:[m[K In member function â€˜[01m[Kvoid DATA::LidarData::Run()[m[Kâ€™:
[6.571s] [01m[K/home/evan/code/ndt-loc/src/data-publisher/src/LidarData.cpp:17:5:[m[K [01;31m[Kerror: [m[Kâ€˜[01m[Kcout[m[Kâ€™ was not declared in this scope; did you mean â€˜[01m[Kstd::cout[m[Kâ€™?
[6.571s]    17 |     [01;31m[Kcout[m[K << "?" ;
[6.571s]       |     [01;31m[K^~~~[m[K
[6.571s]       |     [32m[Kstd::cout[m[K
[6.572s] In file included from [01m[K/opt/ros/humble/include/rclcpp/rclcpp/executor.hpp:22[m[K,
[6.572s]                  from [01m[K/opt/ros/humble/include/rclcpp/rclcpp/executors/multi_threaded_executor.hpp:25[m[K,
[6.572s]                  from [01m[K/opt/ros/humble/include/rclcpp/rclcpp/executors.hpp:21[m[K,
[6.572s]                  from [01m[K/opt/ros/humble/include/rclcpp/rclcpp/rclcpp.hpp:155[m[K,
[6.572s]                  from [01m[K/home/evan/code/ndt-loc/src/data-publisher/include/data-publisher/LidarData.h:9[m[K,
[6.572s]                  from [01m[K/home/evan/code/ndt-loc/src/data-publisher/src/LidarData.cpp:1[m[K:
[6.572s] [01m[K/usr/include/c++/11/iostream:61:18:[m[K [01;36m[Knote: [m[Kâ€˜[01m[Kstd::cout[m[Kâ€™ declared here
[6.572s]    61 |   extern ostream [01;36m[Kcout[m[K;          /// Linked to standard output
[6.572s]       |                  [01;36m[K^~~~[m[K
[7.996s] gmake[2]: *** [CMakeFiles/lidar_data_node.dir/build.make:76: CMakeFiles/lidar_data_node.dir/src/LidarData.cpp.o] Error 1
[7.996s] gmake[1]: *** [CMakeFiles/Makefile2:137: CMakeFiles/lidar_data_node.dir/all] Error 2
[7.996s] gmake: *** [Makefile:146: all] Error 2
[7.999s] Invoked command in '/home/evan/code/ndt-loc/build/data-publisher' returned '2': CMAKE_PREFIX_PATH=${CMAKE_PREFIX_PATH}:/opt/ros/humble /usr/bin/cmake --build /home/evan/code/ndt-loc/build/data-publisher -- -j4 -l4
