[0.018s] Invoking command in '/home/evan/code/ndt-loc/build/a-loam': CMAKE_PREFIX_PATH=${CMAKE_PREFIX_PATH}:/opt/ros/humble /usr/bin/cmake --build /home/evan/code/ndt-loc/build/a-loam -- -j4 -l4
[0.073s] [35m[1mConsolidate compiler generated dependencies of target scan_registration_node[0m
[0.110s] [ 50%] [32mBuilding CXX object CMakeFiles/scan_registration_node.dir/src/ScanRegistrationNode.cpp.o[0m
[15.216s] [100%] [32m[1mLinking CXX executable scan_registration_node[0m
[16.657s] /usr/bin/ld: CMakeFiles/scan_registration_node.dir/src/ScanRegistrationNode.cpp.o: in function `ALOAM::ScanRegistrationNode<pcl::PointXYZ>::Run(sensor_msgs::msg::PointCloud2_<std::allocator<void> > const&)':
[16.657s] ScanRegistrationNode.cpp:(.text._ZN5ALOAM20ScanRegistrationNodeIN3pcl8PointXYZEE3RunERKN11sensor_msgs3msg12PointCloud2_ISaIvEEE[_ZN5ALOAM20ScanRegistrationNodeIN3pcl8PointXYZEE3RunERKN11sensor_msgs3msg12PointCloud2_ISaIvEEE]+0xcb): undefined reference to `ALOAM::MINMUM_RANGE'
[16.658s] /usr/bin/ld: CMakeFiles/scan_registration_node.dir/src/ScanRegistrationNode.cpp.o: in function `ALOAM::ScanRegistration<pcl::PointXYZ>::extractFeatureFromPointCloud(std::shared_ptr<pcl::PointCloud<pcl::PointXYZ> >)':
[16.658s] ScanRegistrationNode.cpp:(.text._ZN5ALOAM16ScanRegistrationIN3pcl8PointXYZEE28extractFeatureFromPointCloudESt10shared_ptrINS1_10PointCloudIS2_EEE[_ZN5ALOAM16ScanRegistrationIN3pcl8PointXYZEE28extractFeatureFromPointCloudESt10shared_ptrINS1_10PointCloudIS2_EEE]+0x4b): undefined reference to `ALOAM::N_SCANS'
[16.659s] /usr/bin/ld: ScanRegistrationNode.cpp:(.text._ZN5ALOAM16ScanRegistrationIN3pcl8PointXYZEE28extractFeatureFromPointCloudESt10shared_ptrINS1_10PointCloudIS2_EEE[_ZN5ALOAM16ScanRegistrationIN3pcl8PointXYZEE28extractFeatureFromPointCloudESt10shared_ptrINS1_10PointCloudIS2_EEE]+0x9c): undefined reference to `ALOAM::N_SCANS'
[16.660s] /usr/bin/ld: ScanRegistrationNode.cpp:(.text._ZN5ALOAM16ScanRegistrationIN3pcl8PointXYZEE28extractFeatureFromPointCloudESt10shared_ptrINS1_10PointCloudIS2_EEE[_ZN5ALOAM16ScanRegistrationIN3pcl8PointXYZEE28extractFeatureFromPointCloudESt10shared_ptrINS1_10PointCloudIS2_EEE]+0x2e0): undefined reference to `ALOAM::N_SCANS'
[16.661s] /usr/bin/ld: ScanRegistrationNode.cpp:(.text._ZN5ALOAM16ScanRegistrationIN3pcl8PointXYZEE28extractFeatureFromPointCloudESt10shared_ptrINS1_10PointCloudIS2_EEE[_ZN5ALOAM16ScanRegistrationIN3pcl8PointXYZEE28extractFeatureFromPointCloudESt10shared_ptrINS1_10PointCloudIS2_EEE]+0x45f): undefined reference to `ALOAM::N_SCANS'
[16.662s] /usr/bin/ld: ScanRegistrationNode.cpp:(.text._ZN5ALOAM16ScanRegistrationIN3pcl8PointXYZEE28extractFeatureFromPointCloudESt10shared_ptrINS1_10PointCloudIS2_EEE[_ZN5ALOAM16ScanRegistrationIN3pcl8PointXYZEE28extractFeatureFromPointCloudESt10shared_ptrINS1_10PointCloudIS2_EEE]+0x51b): undefined reference to `ALOAM::N_SCANS'
[16.663s] /usr/bin/ld: ScanRegistrationNode.cpp:(.text._ZN5ALOAM16ScanRegistrationIN3pcl8PointXYZEE28extractFeatureFromPointCloudESt10shared_ptrINS1_10PointCloudIS2_EEE[_ZN5ALOAM16ScanRegistrationIN3pcl8PointXYZEE28extractFeatureFromPointCloudESt10shared_ptrINS1_10PointCloudIS2_EEE]+0x75d): undefined reference to `ALOAM::SCAN_PERIOD'
[16.663s] /usr/bin/ld: ScanRegistrationNode.cpp:(.text._ZN5ALOAM16ScanRegistrationIN3pcl8PointXYZEE28extractFeatureFromPointCloudESt10shared_ptrINS1_10PointCloudIS2_EEE[_ZN5ALOAM16ScanRegistrationIN3pcl8PointXYZEE28extractFeatureFromPointCloudESt10shared_ptrINS1_10PointCloudIS2_EEE]+0x8a3): undefined reference to `ALOAM::N_SCANS'
[16.664s] /usr/bin/ld: ScanRegistrationNode.cpp:(.text._ZN5ALOAM16ScanRegistrationIN3pcl8PointXYZEE28extractFeatureFromPointCloudESt10shared_ptrINS1_10PointCloudIS2_EEE[_ZN5ALOAM16ScanRegistrationIN3pcl8PointXYZEE28extractFeatureFromPointCloudESt10shared_ptrINS1_10PointCloudIS2_EEE]+0x23ac): undefined reference to `ALOAM::N_SCANS'
[16.738s] collect2: error: ld returned 1 exit status
[16.740s] gmake[2]: *** [CMakeFiles/scan_registration_node.dir/build.make:296: scan_registration_node] Error 1
[16.740s] gmake[1]: *** [CMakeFiles/Makefile2:137: CMakeFiles/scan_registration_node.dir/all] Error 2
[16.740s] gmake: *** [Makefile:146: all] Error 2
[16.744s] Invoked command in '/home/evan/code/ndt-loc/build/a-loam' returned '2': CMAKE_PREFIX_PATH=${CMAKE_PREFIX_PATH}:/opt/ros/humble /usr/bin/cmake --build /home/evan/code/ndt-loc/build/a-loam -- -j4 -l4
