-- Found ament_cmake: 1.3.3 (/opt/ros/humble/share/ament_cmake/cmake)
-- Found rclcpp: 16.0.3 (/opt/ros/humble/share/rclcpp/cmake)
-- Found rosidl_generator_c: 3.1.4 (/opt/ros/humble/share/rosidl_generator_c/cmake)
-- Found rosidl_adapter: 3.1.4 (/opt/ros/humble/share/rosidl_adapter/cmake)
-- Found rosidl_generator_cpp: 3.1.4 (/opt/ros/humble/share/rosidl_generator_cpp/cmake)
-- Using all available rosidl_typesupport_c: rosidl_typesupport_fastrtps_c;rosidl_typesupport_introspection_c
-- Using all available rosidl_typesupport_cpp: rosidl_typesupport_fastrtps_cpp;rosidl_typesupport_introspection_cpp
-- Found rmw_implementation_cmake: 6.1.1 (/opt/ros/humble/share/rmw_implementation_cmake/cmake)
-- Found rmw_fastrtps_cpp: 6.2.2 (/opt/ros/humble/share/rmw_fastrtps_cpp/cmake)
-- Using RMW implementation 'rmw_fastrtps_cpp' as default
-- Found sensor_msgs: 4.2.3 (/opt/ros/humble/share/sensor_msgs/cmake)
-- Found pcl_conversions: 2.4.0 (/opt/ros/humble/share/pcl_conversions/cmake)
-- Found cv_bridge: 3.2.1 (/opt/ros/humble/share/cv_bridge/cmake)
-- Eigen found (include: /usr/include/eigen3, version: 3.4.0)
-- FLANN found (include: /usr/include, lib: /usr/lib/x86_64-linux-gnu/libflann_cpp.so)
-- OpenNI found (version: 1.5.4.0, include: /usr/include/ni, lib: /usr/lib/libOpenNI.so;libusb::libusb)
-- OpenNI2 found (version: 2.2.0.33, include: /usr/include/openni2, lib: /usr/lib/x86_64-linux-gnu/libOpenNI2.so;libusb::libusb)
[0m** WARNING ** io features related to pcap will be disabled[0m
-- Eigen found (include: /usr/include/eigen3, version: 3.4.0)
-- OpenNI found (version: 1.5.4.0, include: /usr/include/ni, lib: /usr/lib/libOpenNI.so;libusb::libusb)
-- OpenNI2 found (version: 2.2.0.33, include: /usr/include/openni2, lib: /usr/lib/x86_64-linux-gnu/libOpenNI2.so;libusb::libusb)
-- Found Qhull version 8.0.2
-- OpenNI found (version: 1.5.4.0, include: /usr/include/ni, lib: /usr/lib/libOpenNI.so;libusb::libusb)
-- looking for PCL_COMMON
-- looking for PCL_KDTREE
-- looking for PCL_OCTREE
-- looking for PCL_SEARCH
-- looking for PCL_SAMPLE_CONSENSUS
-- looking for PCL_FILTERS
-- looking for PCL_2D
-- looking for PCL_GEOMETRY
-- looking for PCL_IO
-- looking for PCL_FEATURES
-- looking for PCL_ML
-- looking for PCL_SEGMENTATION
-- looking for PCL_VISUALIZATION
-- looking for PCL_SURFACE
-- looking for PCL_REGISTRATION
-- looking for PCL_KEYPOINTS
-- looking for PCL_TRACKING
-- looking for PCL_RECOGNITION
-- looking for PCL_STEREO
-- looking for PCL_APPS
-- looking for PCL_IN_HAND_SCANNER
-- looking for PCL_MODELER
-- looking for PCL_POINT_CLOUD_EDITOR
-- looking for PCL_OUTOFCORE
-- looking for PCL_PEOPLE
-- Configuring done
-- Generating done
-- Build files have been written to: /home/evan/code/ndt-loc/build/radar-odometry
[ 50%] [32mBuilding CXX object CMakeFiles/radar_feature_node.dir/src/RadarFeaturesNode.cpp.o[0m
In file included from [01m[K/home/evan/code/ndt-loc/src/radar-odometry/include/radar-odometry/RadarFeatures.hpp:4[m[K,
                 from [01m[K/home/evan/code/ndt-loc/src/radar-odometry/src/RadarFeaturesNode.cpp:1[m[K:
[01m[K/home/evan/code/ndt-loc/src/radar-odometry/include/radar-odometry/RadarConfig.h:27:12:[m[K [01;35m[Kwarning: [m[Kâ€˜[01m[Ksigma_gauss[m[Kâ€™ initialized and declared â€˜[01m[Kextern[m[Kâ€™
   27 | extern int [01;35m[Ksigma_gauss[m[K = 17;
      |            [01;35m[K^~~~~~~~~~~[m[K
[01m[K/home/evan/code/ndt-loc/src/radar-odometry/include/radar-odometry/RadarConfig.h:28:14:[m[K [01;35m[Kwarning: [m[Kâ€˜[01m[Kzq[m[Kâ€™ initialized and declared â€˜[01m[Kextern[m[Kâ€™
   28 | extern float [01;35m[Kzq[m[K = 3.0;
      |              [01;35m[K^~[m[K
[01m[K/home/evan/code/ndt-loc/src/radar-odometry/include/radar-odometry/RadarConfig.h:29:12:[m[K [01;35m[Kwarning: [m[Kâ€˜[01m[Kmin_range[m[Kâ€™ initialized and declared â€˜[01m[Kextern[m[Kâ€™
   29 | extern int [01;35m[Kmin_range[m[K = 58;
      |            [01;35m[K^~~~~~~~~[m[K
[01m[K/home/evan/code/ndt-loc/src/radar-odometry/src/RadarFeaturesNode.cpp:[m[K In member function â€˜[01m[Kvoid radar::RadarFeaturesNode::radarImageHandler(const Image&)[m[Kâ€™:
[01m[K/home/evan/code/ndt-loc/src/radar-odometry/src/RadarFeaturesNode.cpp:54:26:[m[K [01;35m[Kwarning: [m[Kcomparison of integer expressions of different signedness: â€˜[01m[Kint[m[Kâ€™ and â€˜[01m[Kstd::vector<std::pair<int, int> >::size_type[m[Kâ€™ {aka â€˜[01m[Klong unsigned int[m[Kâ€™} [[01;35m[K]8;;https://gcc.gnu.org/onlinedocs/gcc/Warning-Options.html#index-Wsign-compare-Wsign-compare]8;;[m[K]
   54 |         for(int i = 0; [01;35m[Ki < keyPoints.size()[m[K; ++i){
      |                        [01;35m[K~~^~~~~~~~~~~~~~~~~~[m[K
[100%] [32m[1mLinking CXX executable radar_feature_node[0m
/usr/bin/ld: CMakeFiles/radar_feature_node.dir/src/RadarFeaturesNode.cpp.o: in function `radar::RadarFeatures::Cen2019Features(cv::Mat)':
RadarFeaturesNode.cpp:(.text._ZN5radar13RadarFeatures15Cen2019FeaturesEN2cv3MatE[_ZN5radar13RadarFeatures15Cen2019FeaturesEN2cv3MatE]+0x8cd): undefined reference to `radar::max_points'
collect2: error: ld returned 1 exit status
gmake[2]: *** [CMakeFiles/radar_feature_node.dir/build.make:351: radar_feature_node] Error 1
gmake[1]: *** [CMakeFiles/Makefile2:137: CMakeFiles/radar_feature_node.dir/all] Error 2
gmake: *** [Makefile:146: all] Error 2
