[0.017s] Invoking command in '/home/evan/code/ndt-loc/build/radar-odometry': CMAKE_PREFIX_PATH=${CMAKE_PREFIX_PATH}:/opt/ros/humble /usr/bin/cmake /home/evan/code/ndt-loc/src/radar-odometry -DCMAKE_INSTALL_PREFIX=/home/evan/code/ndt-loc/install/radar-odometry
[0.031s] -- Found ament_cmake: 1.3.3 (/opt/ros/humble/share/ament_cmake/cmake)
[0.190s] -- Found rclcpp: 16.0.3 (/opt/ros/humble/share/rclcpp/cmake)
[0.226s] -- Found rosidl_generator_c: 3.1.4 (/opt/ros/humble/share/rosidl_generator_c/cmake)
[0.229s] -- Found rosidl_adapter: 3.1.4 (/opt/ros/humble/share/rosidl_adapter/cmake)
[0.236s] -- Found rosidl_generator_cpp: 3.1.4 (/opt/ros/humble/share/rosidl_generator_cpp/cmake)
[0.249s] -- Using all available rosidl_typesupport_c: rosidl_typesupport_fastrtps_c;rosidl_typesupport_introspection_c
[0.268s] -- Using all available rosidl_typesupport_cpp: rosidl_typesupport_fastrtps_cpp;rosidl_typesupport_introspection_cpp
[0.340s] -- Found rmw_implementation_cmake: 6.1.1 (/opt/ros/humble/share/rmw_implementation_cmake/cmake)
[0.341s] -- Found rmw_fastrtps_cpp: 6.2.2 (/opt/ros/humble/share/rmw_fastrtps_cpp/cmake)
[0.484s] -- Using RMW implementation 'rmw_fastrtps_cpp' as default
[0.686s] -- Found sensor_msgs: 4.2.3 (/opt/ros/humble/share/sensor_msgs/cmake)
[0.843s] -- Found pcl_conversions: 2.4.0 (/opt/ros/humble/share/pcl_conversions/cmake)
[1.005s] -- Found cv_bridge: 3.2.1 (/opt/ros/humble/share/cv_bridge/cmake)
[1.041s] -- Eigen found (include: /usr/include/eigen3, version: 3.4.0)
[1.073s] -- FLANN found (include: /usr/include, lib: /usr/lib/x86_64-linux-gnu/libflann_cpp.so)
[2.465s] -- OpenNI found (version: 1.5.4.0, include: /usr/include/ni, lib: /usr/lib/libOpenNI.so;libusb::libusb)
[2.472s] -- OpenNI2 found (version: 2.2.0.33, include: /usr/include/openni2, lib: /usr/lib/x86_64-linux-gnu/libOpenNI2.so;libusb::libusb)
[2.473s] [0m** WARNING ** io features related to pcap will be disabled[0m
[2.661s] -- Eigen found (include: /usr/include/eigen3, version: 3.4.0)
[2.668s] -- OpenNI found (version: 1.5.4.0, include: /usr/include/ni, lib: /usr/lib/libOpenNI.so;libusb::libusb)
[2.675s] -- OpenNI2 found (version: 2.2.0.33, include: /usr/include/openni2, lib: /usr/lib/x86_64-linux-gnu/libOpenNI2.so;libusb::libusb)
[2.839s] -- Found Qhull version 8.0.2
[3.008s] -- OpenNI found (version: 1.5.4.0, include: /usr/include/ni, lib: /usr/lib/libOpenNI.so;libusb::libusb)
[3.172s] -- looking for PCL_COMMON
[3.172s] -- looking for PCL_KDTREE
[3.173s] -- looking for PCL_OCTREE
[3.173s] -- looking for PCL_SEARCH
[3.174s] -- looking for PCL_SAMPLE_CONSENSUS
[3.174s] -- looking for PCL_FILTERS
[3.175s] -- looking for PCL_2D
[3.175s] -- looking for PCL_GEOMETRY
[3.175s] -- looking for PCL_IO
[3.176s] -- looking for PCL_FEATURES
[3.177s] -- looking for PCL_ML
[3.177s] -- looking for PCL_SEGMENTATION
[3.178s] -- looking for PCL_VISUALIZATION
[3.178s] -- looking for PCL_SURFACE
[3.179s] -- looking for PCL_REGISTRATION
[3.179s] -- looking for PCL_KEYPOINTS
[3.180s] -- looking for PCL_TRACKING
[3.180s] -- looking for PCL_RECOGNITION
[3.181s] -- looking for PCL_STEREO
[3.182s] -- looking for PCL_APPS
[3.183s] -- looking for PCL_IN_HAND_SCANNER
[3.183s] -- looking for PCL_MODELER
[3.183s] -- looking for PCL_POINT_CLOUD_EDITOR
[3.184s] -- looking for PCL_OUTOFCORE
[3.184s] -- looking for PCL_PEOPLE
[3.343s] -- Configuring done
[3.390s] -- Generating done
[3.393s] -- Build files have been written to: /home/evan/code/ndt-loc/build/radar-odometry
[3.409s] Invoked command in '/home/evan/code/ndt-loc/build/radar-odometry' returned '0': CMAKE_PREFIX_PATH=${CMAKE_PREFIX_PATH}:/opt/ros/humble /usr/bin/cmake /home/evan/code/ndt-loc/src/radar-odometry -DCMAKE_INSTALL_PREFIX=/home/evan/code/ndt-loc/install/radar-odometry
[3.413s] Invoking command in '/home/evan/code/ndt-loc/build/radar-odometry': CMAKE_PREFIX_PATH=${CMAKE_PREFIX_PATH}:/opt/ros/humble /usr/bin/cmake --build /home/evan/code/ndt-loc/build/radar-odometry -- -j4 -l4
[3.468s] [ 50%] [32mBuilding CXX object CMakeFiles/radar_feature_node.dir/src/RadarFeaturesNode.cpp.o[0m
[7.168s] In file included from [01m[K/home/evan/code/ndt-loc/src/radar-odometry/include/radar-odometry/RadarFeatures.hpp:4[m[K,
[7.168s]                  from [01m[K/home/evan/code/ndt-loc/src/radar-odometry/src/RadarFeaturesNode.cpp:1[m[K:
[7.168s] [01m[K/home/evan/code/ndt-loc/src/radar-odometry/include/radar-odometry/RadarConfig.h:27:12:[m[K [01;35m[Kwarning: [m[Kâ€˜[01m[Ksigma_gauss[m[Kâ€™ initialized and declared â€˜[01m[Kextern[m[Kâ€™
[7.168s]    27 | extern int [01;35m[Ksigma_gauss[m[K = 17;
[7.168s]       |            [01;35m[K^~~~~~~~~~~[m[K
[7.168s] [01m[K/home/evan/code/ndt-loc/src/radar-odometry/include/radar-odometry/RadarConfig.h:28:14:[m[K [01;35m[Kwarning: [m[Kâ€˜[01m[Kzq[m[Kâ€™ initialized and declared â€˜[01m[Kextern[m[Kâ€™
[7.168s]    28 | extern float [01;35m[Kzq[m[K = 3.0;
[7.168s]       |              [01;35m[K^~[m[K
[7.168s] [01m[K/home/evan/code/ndt-loc/src/radar-odometry/include/radar-odometry/RadarConfig.h:29:12:[m[K [01;35m[Kwarning: [m[Kâ€˜[01m[Kmin_range[m[Kâ€™ initialized and declared â€˜[01m[Kextern[m[Kâ€™
[7.168s]    29 | extern int [01;35m[Kmin_range[m[K = 58;
[7.168s]       |            [01;35m[K^~~~~~~~~[m[K
[14.147s] [01m[K/home/evan/code/ndt-loc/src/radar-odometry/src/RadarFeaturesNode.cpp:[m[K In member function â€˜[01m[Kvoid radar::RadarFeaturesNode::radarImageHandler(const Image&)[m[Kâ€™:
[14.147s] [01m[K/home/evan/code/ndt-loc/src/radar-odometry/src/RadarFeaturesNode.cpp:54:26:[m[K [01;35m[Kwarning: [m[Kcomparison of integer expressions of different signedness: â€˜[01m[Kint[m[Kâ€™ and â€˜[01m[Kstd::vector<std::pair<int, int> >::size_type[m[Kâ€™ {aka â€˜[01m[Klong unsigned int[m[Kâ€™} [[01;35m[K]8;;https://gcc.gnu.org/onlinedocs/gcc/Warning-Options.html#index-Wsign-compare-Wsign-compare]8;;[m[K]
[14.147s]    54 |         for(int i = 0; [01;35m[Ki < keyPoints.size()[m[K; ++i){
[14.147s]       |                        [01;35m[K~~^~~~~~~~~~~~~~~~~~[m[K
[27.898s] [100%] [32m[1mLinking CXX executable radar_feature_node[0m
[29.044s] /usr/bin/ld: CMakeFiles/radar_feature_node.dir/src/RadarFeaturesNode.cpp.o: in function `radar::RadarFeatures::Cen2019Features(cv::Mat)':
[29.044s] RadarFeaturesNode.cpp:(.text._ZN5radar13RadarFeatures15Cen2019FeaturesEN2cv3MatE[_ZN5radar13RadarFeatures15Cen2019FeaturesEN2cv3MatE]+0x8cd): undefined reference to `radar::max_points'
[29.131s] collect2: error: ld returned 1 exit status
[29.133s] gmake[2]: *** [CMakeFiles/radar_feature_node.dir/build.make:351: radar_feature_node] Error 1
[29.133s] gmake[1]: *** [CMakeFiles/Makefile2:137: CMakeFiles/radar_feature_node.dir/all] Error 2
[29.134s] gmake: *** [Makefile:146: all] Error 2
[29.136s] Invoked command in '/home/evan/code/ndt-loc/build/radar-odometry' returned '2': CMAKE_PREFIX_PATH=${CMAKE_PREFIX_PATH}:/opt/ros/humble /usr/bin/cmake --build /home/evan/code/ndt-loc/build/radar-odometry -- -j4 -l4
