[0.020s] Invoking command in '/home/evan/code/ndt-loc/build/a-loam': CMAKE_PREFIX_PATH=${CMAKE_PREFIX_PATH}:/opt/ros/humble /usr/bin/cmake --build /home/evan/code/ndt-loc/build/a-loam -- -j4 -l4
[0.075s] [35m[1mConsolidate compiler generated dependencies of target laser_odometry_node[0m
[0.094s] [ 50%] Built target scan_registration_node
[0.119s] [ 66%] [32mBuilding CXX object CMakeFiles/laser_odometry_node.dir/src/LaserOdometryNode.cpp.o[0m
[6.773s] [01m[K/home/evan/code/ndt-loc/src/a-loam/src/LaserOdometryNode.cpp:108:23:[m[K [01;31m[Kerror: [m[Kâ€˜[01m[Knav_mags[m[Kâ€™ was not declared in this scope; did you mean â€˜[01m[Knav_msgs[m[Kâ€™?
[6.773s]   108 |     rclcpp::Publisher<[01;31m[Knav_mags[m[K::msg::Path>::SharedPtr pubLaserPath;
[6.773s]       |                       [01;31m[K^~~~~~~~[m[K
[6.773s]       |                       [32m[Knav_msgs[m[K
[6.773s] [01m[K/home/evan/code/ndt-loc/src/a-loam/src/LaserOdometryNode.cpp:108:42:[m[K [01;31m[Kerror: [m[Ktemplate argument 1 is invalid
[6.774s]   108 |     rclcpp::Publisher<nav_mags::msg::Path[01;31m[K>[m[K::SharedPtr pubLaserPath;
[6.774s]       |                                          [01;31m[K^[m[K
[6.774s] [01m[K/home/evan/code/ndt-loc/src/a-loam/src/LaserOdometryNode.cpp:108:45:[m[K [01;31m[Kerror: [m[Kexpected â€˜[01m[K;[m[Kâ€™ at end of member declaration
[6.774s]   108 |     rclcpp::Publisher<nav_mags::msg::Path>::[01;31m[KSharedPtr[m[K pubLaserPath;
[6.774s]       |                                             [01;31m[K^~~~~~~~~[m[K
[6.774s]       |                                                      [32m[K;[m[K
[6.782s] [01m[K/home/evan/code/ndt-loc/src/a-loam/src/LaserOdometryNode.cpp:108:55:[m[K [01;31m[Kerror: [m[Kâ€˜[01m[KpubLaserPath[m[Kâ€™ does not name a type
[6.782s]   108 |     rclcpp::Publisher<nav_mags::msg::Path>::SharedPtr [01;31m[KpubLaserPath[m[K;
[6.782s]       |                                                       [01;31m[K^~~~~~~~~~~~[m[K
[6.850s] [01m[K/home/evan/code/ndt-loc/src/a-loam/src/LaserOdometryNode.cpp:[m[K In constructor â€˜[01m[KALOAM::LaserOdometryNode::LaserOdometryNode(std::string)[m[Kâ€™:
[6.850s] [01m[K/home/evan/code/ndt-loc/src/a-loam/src/LaserOdometryNode.cpp:16:9:[m[K [01;31m[Kerror: [m[Kâ€˜[01m[KpubLaserPath[m[Kâ€™ was not declared in this scope; did you mean â€˜[01m[KlaserPath[m[Kâ€™?
[6.850s]    16 |         [01;31m[KpubLaserPath[m[K = this -> create_publisher<nav_mags::msg::Path>(
[6.850s]       |         [01;31m[K^~~~~~~~~~~~[m[K
[6.850s]       |         [32m[KlaserPath[m[K
[6.858s] [01m[K/home/evan/code/ndt-loc/src/a-loam/src/LaserOdometryNode.cpp:16:49:[m[K [01;31m[Kerror: [m[Kâ€˜[01m[Knav_mags[m[Kâ€™ was not declared in this scope; did you mean â€˜[01m[Knav_msgs[m[Kâ€™?
[6.858s]    16 |         pubLaserPath = this -> create_publisher<[01;31m[Knav_mags[m[K::msg::Path>(
[6.858s]       |                                                 [01;31m[K^~~~~~~~[m[K
[6.858s]       |                                                 [32m[Knav_msgs[m[K
[6.858s] [01m[K/home/evan/code/ndt-loc/src/a-loam/src/LaserOdometryNode.cpp:16:32:[m[K [01;31m[Kerror: [m[Kparse error in template argument list
[6.858s]    16 |         pubLaserPath = this -> [01;31m[Kcreate_publisher<nav_mags::msg::Path>[m[K(
[6.858s]       |                                [01;31m[K^~~~~~~~~~~~~~~~~~~~~~~~~~~~~~~~~~~~~[m[K
[6.858s] [01m[K/home/evan/code/ndt-loc/src/a-loam/src/LaserOdometryNode.cpp:16:69:[m[K [01;31m[Kerror: [m[Kno matching function for call to â€˜[01m[KALOAM::LaserOdometryNode::create_publisher<<expression error> >(const char [12], int)[m[Kâ€™
[6.858s]    16 |         pubLaserPath = [01;31m[Kthis -> create_publisher<nav_mags::msg::Path>([m[K
[6.858s]       |                        [01;31m[K~~~~~~~~~~~~~~~~~~~~~~~~~~~~~~~~~~~~~~~~~~~~~^[m[K
[6.858s]    17 | [01;31m[K            "/lidar_path", 1)[m[K;
[6.859s]       |             [01;31m[K~~~~~~~~~~~~~~~~~[m[K                                        
[6.859s] In file included from [01m[K/opt/ros/humble/include/rclcpp/rclcpp/node.hpp:1321[m[K,
[6.859s]                  from [01m[K/opt/ros/humble/include/rclcpp/rclcpp/executors/single_threaded_executor.hpp:28[m[K,
[6.859s]                  from [01m[K/opt/ros/humble/include/rclcpp/rclcpp/executors.hpp:22[m[K,
[6.859s]                  from [01m[K/opt/ros/humble/include/rclcpp/rclcpp/rclcpp.hpp:155[m[K,
[6.859s]                  from [01m[K/home/evan/code/ndt-loc/src/a-loam/include/a-loam/common.h:4[m[K,
[6.859s]                  from [01m[K/home/evan/code/ndt-loc/src/a-loam/include/a-loam/LaserOdometry.hpp:5[m[K,
[6.859s]                  from [01m[K/home/evan/code/ndt-loc/src/a-loam/src/LaserOdometryNode.cpp:1[m[K:
[6.859s] [01m[K/opt/ros/humble/include/rclcpp/rclcpp/node_impl.hpp:73:1:[m[K [01;36m[Knote: [m[Kcandidate: â€˜[01m[Ktemplate<class MessageT, class AllocatorT, class PublisherT> std::shared_ptr<PublisherT> rclcpp::Node::create_publisher(const string&, const rclcpp::QoS&, const rclcpp::PublisherOptionsWithAllocator<AllocatorT>&)[m[Kâ€™
[6.859s]    73 | [01;36m[KNode[m[K::create_publisher(
[6.859s]       | [01;36m[K^~~~[m[K
[6.859s] [01m[K/opt/ros/humble/include/rclcpp/rclcpp/node_impl.hpp:73:1:[m[K [01;36m[Knote: [m[K  template argument deduction/substitution failed:
[6.859s] [01m[K/home/evan/code/ndt-loc/src/a-loam/src/LaserOdometryNode.cpp:16:69:[m[K [01;31m[Kerror: [m[Ktemplate argument 1 is invalid
[6.859s]    16 |         pubLaserPath = [01;31m[Kthis -> create_publisher<nav_mags::msg::Path>([m[K
[6.860s]       |                        [01;31m[K~~~~~~~~~~~~~~~~~~~~~~~~~~~~~~~~~~~~~~~~~~~~~^[m[K
[6.860s]    17 | [01;31m[K            "/lidar_path", 1)[m[K;
[6.860s]       |             [01;31m[K~~~~~~~~~~~~~~~~~[m[K                                        
[6.871s] [01m[K/home/evan/code/ndt-loc/src/a-loam/src/LaserOdometryNode.cpp:[m[K In member function â€˜[01m[Kvoid ALOAM::LaserOdometryNode::publishOdometry() const[m[Kâ€™:
[6.871s] [01m[K/home/evan/code/ndt-loc/src/a-loam/src/LaserOdometryNode.cpp:95:19:[m[K [01;31m[Kerror: [m[Kâ€˜[01m[Kconst Path[m[Kâ€™ {aka â€˜[01m[Kconst struct nav_msgs::msg::Path_<std::allocator<void> >[m[Kâ€™} has no member named â€˜[01m[KPose[m[Kâ€™
[6.872s]    95 |         laserPath.[01;31m[KPose[m[K = laserOdometry.pose.pose;
[6.872s]       |                   [01;31m[K^~~~[m[K
[6.872s] [01m[K/home/evan/code/ndt-loc/src/a-loam/src/LaserOdometryNode.cpp:97:37:[m[K [01;31m[Kerror: [m[Kno match for â€˜[01m[Koperator=[m[Kâ€™ (operand types are â€˜[01m[Kconst _frame_id_type[m[Kâ€™ {aka â€˜[01m[Kconst std::__cxx11::basic_string<char>[m[Kâ€™} and â€˜[01m[Kconst char [6][m[Kâ€™)
[6.872s]    97 |         laserPath.header.frame_id = [01;31m[K"lidar"[m[K;
[6.872s]       |                                     [01;31m[K^~~~~~~[m[K
[6.873s] In file included from [01m[K/usr/include/c++/11/string:55[m[K,
[6.873s]                  from [01m[K/usr/include/c++/11/stdexcept:39[m[K,
[6.873s]                  from [01m[K/usr/include/c++/11/system_error:41[m[K,
[6.873s]                  from [01m[K/usr/include/c++/11/mutex:42[m[K,
[6.873s]                  from [01m[K/usr/include/c++/11/future:38[m[K,
[6.873s]                  from [01m[K/opt/ros/humble/include/rclcpp/rclcpp/executors.hpp:18[m[K,
[6.873s]                  from [01m[K/opt/ros/humble/include/rclcpp/rclcpp/rclcpp.hpp:155[m[K,
[6.874s]                  from [01m[K/home/evan/code/ndt-loc/src/a-loam/include/a-loam/common.h:4[m[K,
[6.874s]                  from [01m[K/home/evan/code/ndt-loc/src/a-loam/include/a-loam/LaserOdometry.hpp:5[m[K,
[6.874s]                  from [01m[K/home/evan/code/ndt-loc/src/a-loam/src/LaserOdometryNode.cpp:1[m[K:
[6.874s] [01m[K/usr/include/c++/11/bits/basic_string.h:799:8:[m[K [01;36m[Knote: [m[Kcandidate: â€˜[01m[Ktemplate<class _Tp> std::__cxx11::basic_string<_CharT, _Traits, _Alloc>::_If_sv<_Tp, std::__cxx11::basic_string<_CharT, _Traits, _Alloc>&> std::__cxx11::basic_string<_CharT, _Traits, _Alloc>::operator=(const _Tp&) [with _Tp = _Tp; _CharT = char; _Traits = std::char_traits<char>; _Alloc = std::allocator<char>][m[Kâ€™
[6.874s]   799 |        [01;36m[Koperator[m[K=(const _Tp& __svt)
[6.874s]       |        [01;36m[K^~~~~~~~[m[K
[6.874s] [01m[K/usr/include/c++/11/bits/basic_string.h:799:8:[m[K [01;36m[Knote: [m[K  template argument deduction/substitution failed:
[6.874s] In file included from [01m[K/usr/include/c++/11/bits/move.h:57[m[K,
[6.874s]                  from [01m[K/usr/include/c++/11/bits/stl_pair.h:59[m[K,
[6.874s]                  from [01m[K/usr/include/c++/11/bits/stl_algobase.h:64[m[K,
[6.874s]                  from [01m[K/usr/include/c++/11/memory:63[m[K,
[6.874s]                  from [01m[K/opt/ros/humble/include/rclcpp/rclcpp/rclcpp.hpp:153[m[K,
[6.874s]                  from [01m[K/home/evan/code/ndt-loc/src/a-loam/include/a-loam/common.h:4[m[K,
[6.874s]                  from [01m[K/home/evan/code/ndt-loc/src/a-loam/include/a-loam/LaserOdometry.hpp:5[m[K,
[6.874s]                  from [01m[K/home/evan/code/ndt-loc/src/a-loam/src/LaserOdometryNode.cpp:1[m[K:
[6.875s] /usr/include/c++/11/type_traits: In substitution of â€˜[01m[Ktemplate<bool _Cond, class _Tp> using enable_if_t = typename std::enable_if::type [with bool _Cond = false; _Tp = std::__cxx11::basic_string<char>&][m[Kâ€™:
[6.875s] [01m[K/usr/include/c++/11/bits/basic_string.h:125:8:[m[K   required by substitution of â€˜[01m[Ktemplate<class _CharT, class _Traits, class _Alloc> template<class _Tp, class _Res> using _If_sv = std::enable_if_t<std::__and_<std::is_convertible<const _Tp&, std::basic_string_view<_CharT, _Traits> >, std::__not_<std::is_convertible<const _Tp*, const std::__cxx11::basic_string<_CharT, _Traits, _Alloc>*> >, std::__not_<std::is_convertible<const _Tp&, const _CharT*> > >::value, _Res> [with _Tp = char [6]; _Res = std::__cxx11::basic_string<char>&; _CharT = char; _Traits = std::char_traits<char>; _Alloc = std::allocator<char>][m[Kâ€™
[6.875s] [01m[K/usr/include/c++/11/bits/basic_string.h:799:8:[m[K   required by substitution of â€˜[01m[Ktemplate<class _Tp> std::__cxx11::basic_string<char>::_If_sv<_Tp, std::__cxx11::basic_string<char>&> std::__cxx11::basic_string<char>::operator=<_Tp>(const _Tp&) [with _Tp = char [6]][m[Kâ€™
[6.875s] [01m[K/home/evan/code/ndt-loc/src/a-loam/src/LaserOdometryNode.cpp:97:37:[m[K   required from here
[6.875s] [01m[K/usr/include/c++/11/type_traits:2585:11:[m[K [01;31m[Kerror: [m[Kno type named â€˜[01m[Ktype[m[Kâ€™ in â€˜[01m[Kstruct std::enable_if<false, std::__cxx11::basic_string<char>&>[m[Kâ€™
[6.875s]  2585 |     using [01;31m[Kenable_if_t[m[K = typename enable_if<_Cond, _Tp>::type;
[6.875s]       |           [01;31m[K^~~~~~~~~~~[m[K
[6.875s] In file included from [01m[K/usr/include/c++/11/string:55[m[K,
[6.875s]                  from [01m[K/usr/include/c++/11/stdexcept:39[m[K,
[6.875s]                  from [01m[K/usr/include/c++/11/system_error:41[m[K,
[6.875s]                  from [01m[K/usr/include/c++/11/mutex:42[m[K,
[6.875s]                  from [01m[K/usr/include/c++/11/future:38[m[K,
[6.875s]                  from [01m[K/opt/ros/humble/include/rclcpp/rclcpp/executors.hpp:18[m[K,
[6.875s]                  from [01m[K/opt/ros/humble/include/rclcpp/rclcpp/rclcpp.hpp:155[m[K,
[6.875s]                  from [01m[K/home/evan/code/ndt-loc/src/a-loam/include/a-loam/common.h:4[m[K,
[6.876s]                  from [01m[K/home/evan/code/ndt-loc/src/a-loam/include/a-loam/LaserOdometry.hpp:5[m[K,
[6.876s]                  from [01m[K/home/evan/code/ndt-loc/src/a-loam/src/LaserOdometryNode.cpp:1[m[K:
[6.876s] [01m[K/usr/include/c++/11/bits/basic_string.h:679:7:[m[K [01;36m[Knote: [m[Kcandidate: â€˜[01m[Kstd::__cxx11::basic_string<_CharT, _Traits, _Alloc>& std::__cxx11::basic_string<_CharT, _Traits, _Alloc>::operator=(const std::__cxx11::basic_string<_CharT, _Traits, _Alloc>&) [with _CharT = char; _Traits = std::char_traits<char>; _Alloc = std::allocator<char>][m[Kâ€™ (near match)
[6.876s]   679 |       [01;36m[Koperator[m[K=(const basic_string& __str)
[6.876s]       |       [01;36m[K^~~~~~~~[m[K
[6.876s] [01m[K/usr/include/c++/11/bits/basic_string.h:679:7:[m[K [01;36m[Knote: [m[K  passing â€˜[01m[Kconst _frame_id_type*[m[Kâ€™ {aka â€˜[01m[Kconst std::__cxx11::basic_string<char>*[m[Kâ€™} as â€˜[01m[Kthis[m[Kâ€™ argument discards qualifiers
[6.876s] [01m[K/usr/include/c++/11/bits/basic_string.h:689:7:[m[K [01;36m[Knote: [m[Kcandidate: â€˜[01m[Kstd::__cxx11::basic_string<_CharT, _Traits, _Alloc>& std::__cxx11::basic_string<_CharT, _Traits, _Alloc>::operator=(const _CharT*) [with _CharT = char; _Traits = std::char_traits<char>; _Alloc = std::allocator<char>][m[Kâ€™ (near match)
[6.876s]   689 |       [01;36m[Koperator[m[K=(const _CharT* __s)
[6.876s]       |       [01;36m[K^~~~~~~~[m[K
[6.876s] [01m[K/usr/include/c++/11/bits/basic_string.h:689:7:[m[K [01;36m[Knote: [m[K  passing â€˜[01m[Kconst _frame_id_type*[m[Kâ€™ {aka â€˜[01m[Kconst std::__cxx11::basic_string<char>*[m[Kâ€™} as â€˜[01m[Kthis[m[Kâ€™ argument discards qualifiers
[6.876s] [01m[K/usr/include/c++/11/bits/basic_string.h:700:7:[m[K [01;36m[Knote: [m[Kcandidate: â€˜[01m[Kstd::__cxx11::basic_string<_CharT, _Traits, _Alloc>& std::__cxx11::basic_string<_CharT, _Traits, _Alloc>::operator=(_CharT) [with _CharT = char; _Traits = std::char_traits<char>; _Alloc = std::allocator<char>][m[Kâ€™ (near match)
[6.876s]   700 |       [01;36m[Koperator[m[K=(_CharT __c)
[6.876s]       |       [01;36m[K^~~~~~~~[m[K
[6.876s] [01m[K/usr/include/c++/11/bits/basic_string.h:700:7:[m[K [01;36m[Knote: [m[K  conversion of argument 1 would be ill-formed:
[6.877s] [01m[K/home/evan/code/ndt-loc/src/a-loam/src/LaserOdometryNode.cpp:97:37:[m[K [01;31m[Kerror: [m[Kinvalid conversion from â€˜[01m[Kconst char*[m[Kâ€™ to â€˜[01m[Kchar[m[Kâ€™ [[01;31m[K]8;;https://gcc.gnu.org/onlinedocs/gcc/Warning-Options.html#index-fpermissive-fpermissive]8;;[m[K]
[6.877s]    97 |         laserPath.header.frame_id = [01;31m[K"lidar"[m[K;
[6.877s]       |                                     [01;31m[K^~~~~~~[m[K
[6.877s]       |                                     [01;31m[K|[m[K
[6.877s]       |                                     [01;31m[Kconst char*[m[K
[6.877s] In file included from [01m[K/usr/include/c++/11/string:55[m[K,
[6.877s]                  from [01m[K/usr/include/c++/11/stdexcept:39[m[K,
[6.877s]                  from [01m[K/usr/include/c++/11/system_error:41[m[K,
[6.877s]                  from [01m[K/usr/include/c++/11/mutex:42[m[K,
[6.877s]                  from [01m[K/usr/include/c++/11/future:38[m[K,
[6.877s]                  from [01m[K/opt/ros/humble/include/rclcpp/rclcpp/executors.hpp:18[m[K,
[6.877s]                  from [01m[K/opt/ros/humble/include/rclcpp/rclcpp/rclcpp.hpp:155[m[K,
[6.877s]                  from [01m[K/home/evan/code/ndt-loc/src/a-loam/include/a-loam/common.h:4[m[K,
[6.877s]                  from [01m[K/home/evan/code/ndt-loc/src/a-loam/include/a-loam/LaserOdometry.hpp:5[m[K,
[6.878s]                  from [01m[K/home/evan/code/ndt-loc/src/a-loam/src/LaserOdometryNode.cpp:1[m[K:
[6.878s] [01m[K/usr/include/c++/11/bits/basic_string.h:717:7:[m[K [01;36m[Knote: [m[Kcandidate: â€˜[01m[Kstd::__cxx11::basic_string<_CharT, _Traits, _Alloc>& std::__cxx11::basic_string<_CharT, _Traits, _Alloc>::operator=(std::__cxx11::basic_string<_CharT, _Traits, _Alloc>&&) [with _CharT = char; _Traits = std::char_traits<char>; _Alloc = std::allocator<char>][m[Kâ€™ (near match)
[6.878s]   717 |       [01;36m[Koperator[m[K=(basic_string&& __str)
[6.878s]       |       [01;36m[K^~~~~~~~[m[K
[6.878s] [01m[K/usr/include/c++/11/bits/basic_string.h:717:7:[m[K [01;36m[Knote: [m[K  passing â€˜[01m[Kconst _frame_id_type*[m[Kâ€™ {aka â€˜[01m[Kconst std::__cxx11::basic_string<char>*[m[Kâ€™} as â€˜[01m[Kthis[m[Kâ€™ argument discards qualifiers
[6.878s] [01m[K/usr/include/c++/11/bits/basic_string.h:785:7:[m[K [01;36m[Knote: [m[Kcandidate: â€˜[01m[Kstd::__cxx11::basic_string<_CharT, _Traits, _Alloc>& std::__cxx11::basic_string<_CharT, _Traits, _Alloc>::operator=(std::initializer_list<_Tp>) [with _CharT = char; _Traits = std::char_traits<char>; _Alloc = std::allocator<char>][m[Kâ€™
[6.878s]   785 |       [01;36m[Koperator[m[K=(initializer_list<_CharT> __l)
[6.878s]       |       [01;36m[K^~~~~~~~[m[K
[6.878s] [01m[K/usr/include/c++/11/bits/basic_string.h:785:42:[m[K [01;36m[Knote: [m[K  no known conversion for argument 1 from â€˜[01m[Kconst char [6][m[Kâ€™ to â€˜[01m[Kstd::initializer_list<char>[m[Kâ€™
[6.878s]   785 |       operator=([01;36m[Kinitializer_list<_CharT> __l[m[K)
[6.878s]       |                 [01;36m[K~~~~~~~~~~~~~~~~~~~~~~~~~^~~[m[K
[6.878s] [01m[K/home/evan/code/ndt-loc/src/a-loam/src/LaserOdometryNode.cpp:98:34:[m[K [01;31m[Kerror: [m[Kpassing â€˜[01m[Kconst _poses_type[m[Kâ€™ {aka â€˜[01m[Kconst std::vector<geometry_msgs::msg::PoseStamped_<std::allocator<void> >, std::allocator<geometry_msgs::msg::PoseStamped_<std::allocator<void> > > >[m[Kâ€™} as â€˜[01m[Kthis[m[Kâ€™ argument discards qualifiers [[01;31m[K]8;;https://gcc.gnu.org/onlinedocs/gcc/Warning-Options.html#index-fpermissive-fpermissive]8;;[m[K]
[6.878s]    98 |         [01;31m[KlaserPath.poses.push_back(laserPose)[m[K;
[6.878s]       |         [01;31m[K~~~~~~~~~~~~~~~~~~~~~~~~~^~~~~~~~~~~[m[K
[6.878s] In file included from [01m[K/usr/include/c++/11/vector:67[m[K,
[6.879s]                  from [01m[K/usr/include/c++/11/functional:62[m[K,
[6.879s]                  from [01m[K/usr/include/c++/11/pstl/glue_algorithm_defs.h:13[m[K,
[6.879s]                  from [01m[K/usr/include/c++/11/algorithm:74[m[K,
[6.879s]                  from [01m[K/opt/ros/humble/include/rclcpp/rclcpp/executor.hpp:18[m[K,
[6.879s]                  from [01m[K/opt/ros/humble/include/rclcpp/rclcpp/executors/multi_threaded_executor.hpp:25[m[K,
[6.879s]                  from [01m[K/opt/ros/humble/include/rclcpp/rclcpp/executors.hpp:21[m[K,
[6.879s]                  from [01m[K/opt/ros/humble/include/rclcpp/rclcpp/rclcpp.hpp:155[m[K,
[6.879s]                  from [01m[K/home/evan/code/ndt-loc/src/a-loam/include/a-loam/common.h:4[m[K,
[6.879s]                  from [01m[K/home/evan/code/ndt-loc/src/a-loam/include/a-loam/LaserOdometry.hpp:5[m[K,
[6.879s]                  from [01m[K/home/evan/code/ndt-loc/src/a-loam/src/LaserOdometryNode.cpp:1[m[K:
[6.879s] [01m[K/usr/include/c++/11/bits/stl_vector.h:1187:7:[m[K [01;36m[Knote: [m[K  in call to â€˜[01m[Kvoid std::vector<_Tp, _Alloc>::push_back(const value_type&) [with _Tp = geometry_msgs::msg::PoseStamped_<std::allocator<void> >; _Alloc = std::allocator<geometry_msgs::msg::PoseStamped_<std::allocator<void> > >; std::vector<_Tp, _Alloc>::value_type = geometry_msgs::msg::PoseStamped_<std::allocator<void> >][m[Kâ€™
[6.879s]  1187 |       [01;36m[Kpush_back[m[K(const value_type& __x)
[6.879s]       |       [01;36m[K^~~~~~~~~[m[K
[6.885s] [01m[K/home/evan/code/ndt-loc/src/a-loam/src/LaserOdometryNode.cpp:100:9:[m[K [01;31m[Kerror: [m[Kâ€˜[01m[KpubLaserPath[m[Kâ€™ was not declared in this scope; did you mean â€˜[01m[KlaserPath[m[Kâ€™?
[6.885s]   100 |         [01;31m[KpubLaserPath[m[K -> publish(laserPath)
[6.885s]       |         [01;31m[K^~~~~~~~~~~~[m[K
[6.885s]       |         [32m[KlaserPath[m[K
[12.305s] gmake[2]: *** [CMakeFiles/laser_odometry_node.dir/build.make:76: CMakeFiles/laser_odometry_node.dir/src/LaserOdometryNode.cpp.o] Error 1
[12.306s] gmake[1]: *** [CMakeFiles/Makefile2:165: CMakeFiles/laser_odometry_node.dir/all] Error 2
[12.306s] gmake: *** [Makefile:146: all] Error 2
[12.309s] Invoked command in '/home/evan/code/ndt-loc/build/a-loam' returned '2': CMAKE_PREFIX_PATH=${CMAKE_PREFIX_PATH}:/opt/ros/humble /usr/bin/cmake --build /home/evan/code/ndt-loc/build/a-loam -- -j4 -l4
