[0.537s] Invoking command in '/home/evan/code/ndt-loc/build/data-publisher': CMAKE_PREFIX_PATH=${CMAKE_PREFIX_PATH}:/opt/ros/humble /usr/bin/cmake --build /home/evan/code/ndt-loc/build/data-publisher -- -j4 -l4
[0.571s] -- Found ament_cmake: 1.3.3 (/opt/ros/humble/share/ament_cmake/cmake)
[0.995s] -- Found rclcpp: 16.0.3 (/opt/ros/humble/share/rclcpp/cmake)
[1.057s] -- Found rosidl_generator_c: 3.1.4 (/opt/ros/humble/share/rosidl_generator_c/cmake)
[1.060s] -- Found rosidl_adapter: 3.1.4 (/opt/ros/humble/share/rosidl_adapter/cmake)
[1.068s] -- Found rosidl_generator_cpp: 3.1.4 (/opt/ros/humble/share/rosidl_generator_cpp/cmake)
[1.081s] -- Using all available rosidl_typesupport_c: rosidl_typesupport_fastrtps_c;rosidl_typesupport_introspection_c
[1.101s] -- Using all available rosidl_typesupport_cpp: rosidl_typesupport_fastrtps_cpp;rosidl_typesupport_introspection_cpp
[1.173s] -- Found rmw_implementation_cmake: 6.1.1 (/opt/ros/humble/share/rmw_implementation_cmake/cmake)
[1.175s] -- Found rmw_fastrtps_cpp: 6.2.2 (/opt/ros/humble/share/rmw_fastrtps_cpp/cmake)
[1.316s] -- Using RMW implementation 'rmw_fastrtps_cpp' as default
[1.521s] -- Found sensor_msgs: 4.2.3 (/opt/ros/humble/share/sensor_msgs/cmake)
[1.694s] -- Eigen found (include: /usr/include/eigen3, version: 3.4.0)
[1.728s] -- FLANN found (include: /usr/include, lib: /usr/lib/x86_64-linux-gnu/libflann_cpp.so)
[2.479s] -- OpenNI found (version: 1.5.4.0, include: /usr/include/ni, lib: /usr/lib/libOpenNI.so;libusb::libusb)
[2.486s] -- OpenNI2 found (version: 2.2.0.33, include: /usr/include/openni2, lib: /usr/lib/x86_64-linux-gnu/libOpenNI2.so;libusb::libusb)
[2.487s] [0m** WARNING ** io features related to pcap will be disabled[0m
[2.664s] -- Eigen found (include: /usr/include/eigen3, version: 3.4.0)
[2.671s] -- OpenNI found (version: 1.5.4.0, include: /usr/include/ni, lib: /usr/lib/libOpenNI.so;libusb::libusb)
[2.678s] -- OpenNI2 found (version: 2.2.0.33, include: /usr/include/openni2, lib: /usr/lib/x86_64-linux-gnu/libOpenNI2.so;libusb::libusb)
[2.846s] -- Found Qhull version 8.0.2
[3.024s] -- OpenNI found (version: 1.5.4.0, include: /usr/include/ni, lib: /usr/lib/libOpenNI.so;libusb::libusb)
[3.184s] -- looking for PCL_COMMON
[3.185s] -- looking for PCL_KDTREE
[3.185s] -- looking for PCL_OCTREE
[3.185s] -- looking for PCL_SEARCH
[3.186s] -- looking for PCL_SAMPLE_CONSENSUS
[3.186s] -- looking for PCL_FILTERS
[3.187s] -- looking for PCL_2D
[3.187s] -- looking for PCL_GEOMETRY
[3.188s] -- looking for PCL_IO
[3.188s] -- looking for PCL_FEATURES
[3.189s] -- looking for PCL_ML
[3.189s] -- looking for PCL_SEGMENTATION
[3.190s] -- looking for PCL_VISUALIZATION
[3.190s] -- looking for PCL_SURFACE
[3.191s] -- looking for PCL_REGISTRATION
[3.192s] -- looking for PCL_KEYPOINTS
[3.192s] -- looking for PCL_TRACKING
[3.193s] -- looking for PCL_RECOGNITION
[3.193s] -- looking for PCL_STEREO
[3.194s] -- looking for PCL_APPS
[3.195s] -- looking for PCL_IN_HAND_SCANNER
[3.195s] -- looking for PCL_MODELER
[3.196s] -- looking for PCL_POINT_CLOUD_EDITOR
[3.196s] -- looking for PCL_OUTOFCORE
[3.196s] -- looking for PCL_PEOPLE
[3.198s] -- Found pcl_conversions: 2.4.0 (/opt/ros/humble/share/pcl_conversions/cmake)
[4.100s] -- Configuring done
[5.288s] -- Generating done
[5.502s] -- Build files have been written to: /home/evan/code/ndt-loc/build/data-publisher
[5.556s] [35m[1mConsolidate compiler generated dependencies of target lidar_data_node[0m
[5.559s] [ 25%] [32mBuilding CXX object CMakeFiles/radar_data_node.dir/src/RadarData.cpp.o[0m
[5.777s] [ 75%] Built target lidar_data_node
[5.944s] [01m[K/home/evan/code/ndt-loc/src/data-publisher/src/RadarData.cpp:7:10:[m[K [01;31m[Kfatal error: [m[Kcv_bridge/cv_bridge.h: No such file or directory
[5.944s]     7 | #include [01;31m[K<cv_bridge/cv_bridge.h>[m[K
[5.944s]       |          [01;31m[K^~~~~~~~~~~~~~~~~~~~~~~[m[K
[5.944s] compilation terminated.
[5.955s] gmake[2]: *** [CMakeFiles/radar_data_node.dir/build.make:76: CMakeFiles/radar_data_node.dir/src/RadarData.cpp.o] Error 1
[5.955s] gmake[1]: *** [CMakeFiles/Makefile2:165: CMakeFiles/radar_data_node.dir/all] Error 2
[5.955s] gmake: *** [Makefile:146: all] Error 2
[5.958s] Invoked command in '/home/evan/code/ndt-loc/build/data-publisher' returned '2': CMAKE_PREFIX_PATH=${CMAKE_PREFIX_PATH}:/opt/ros/humble /usr/bin/cmake --build /home/evan/code/ndt-loc/build/data-publisher -- -j4 -l4
