[35m[1mConsolidate compiler generated dependencies of target lidar_data_node[0m
[35m[1mConsolidate compiler generated dependencies of target front_end_node[0m
[35m[1mConsolidate compiler generated dependencies of target show_map_node[0m
[35m[1mConsolidate compiler generated dependencies of target mapping_image[0m
[ 20%] Built target front_end_node
[ 40%] Built target show_map_node
[ 60%] Built target lidar_data_node
[ 66%] [32mBuilding CXX object CMakeFiles/mapping_image.dir/src/ImageProjection.cpp.o[0m
[01m[K/home/evan/code/ndt-loc/src/map/src/ImageProjection.cpp:[m[K In member function â€˜[01m[Kvoid ndtloc::ImageProjection::SetLaserCloudIn(ndtloc::CLOUDPTR)[m[Kâ€™:
[01m[K/home/evan/code/ndt-loc/src/map/src/ImageProjection.cpp:285:26:[m[K [01;31m[Kerror: [m[Kâ€˜[01m[Kout[m[Kâ€™ was not declared in this scope; did you mean â€˜[01m[Kcout[m[Kâ€™?
  285 |         cout << "111" << [01;31m[Kout[m[K;
      |                          [01;31m[K^~~[m[K
      |                          [32m[Kcout[m[K
gmake[2]: *** [CMakeFiles/mapping_image.dir/build.make:76: CMakeFiles/mapping_image.dir/src/ImageProjection.cpp.o] Interrupt
gmake[1]: *** [CMakeFiles/Makefile2:145: CMakeFiles/mapping_image.dir/all] Interrupt
gmake: *** [Makefile:146: all] Interrupt
