[35m[1mConsolidate compiler generated dependencies of target radar_feature_node[0m
[ 50%] [32mBuilding CXX object CMakeFiles/radar_feature_node.dir/src/RadarFeaturesNode.cpp.o[0m
[100%] [32m[1mLinking CXX executable radar_feature_node[0m
/usr/bin/ld: CMakeFiles/radar_feature_node.dir/src/RadarFeaturesNode.cpp.o: in function `radar::RadarFeatures::Cen2019Features(cv::Mat)':
RadarFeaturesNode.cpp:(.text._ZN5radar13RadarFeatures15Cen2019FeaturesEN2cv3MatE[_ZN5radar13RadarFeatures15Cen2019FeaturesEN2cv3MatE]+0x8cd): undefined reference to `radar::max_points'
/usr/bin/ld: RadarFeaturesNode.cpp:(.text._ZN5radar13RadarFeatures15Cen2019FeaturesEN2cv3MatE[_ZN5radar13RadarFeatures15Cen2019FeaturesEN2cv3MatE]+0x983): undefined reference to `radar::min_range'
collect2: error: ld returned 1 exit status
gmake[2]: *** [CMakeFiles/radar_feature_node.dir/build.make:351: radar_feature_node] Error 1
gmake[1]: *** [CMakeFiles/Makefile2:137: CMakeFiles/radar_feature_node.dir/all] Error 2
gmake: *** [Makefile:146: all] Error 2
