[0.018s] Invoking command in '/home/evan/code/ndt-loc/build/radar-odometry': CMAKE_PREFIX_PATH=${CMAKE_PREFIX_PATH}:/opt/ros/humble /usr/bin/cmake --build /home/evan/code/ndt-loc/build/radar-odometry -- -j4 -l4
[0.071s] [35m[1mConsolidate compiler generated dependencies of target radar_feature_node[0m
[0.110s] [ 50%] [32mBuilding CXX object CMakeFiles/radar_feature_node.dir/src/RadarFeaturesNode.cpp.o[0m
[24.219s] [100%] [32m[1mLinking CXX executable radar_feature_node[0m
[25.486s] /usr/bin/ld: CMakeFiles/radar_feature_node.dir/src/RadarFeaturesNode.cpp.o: in function `radar::RadarFeatures::Cen2019Features(cv::Mat)':
[25.486s] RadarFeaturesNode.cpp:(.text._ZN5radar13RadarFeatures15Cen2019FeaturesEN2cv3MatE[_ZN5radar13RadarFeatures15Cen2019FeaturesEN2cv3MatE]+0x8cd): undefined reference to `radar::max_points'
[25.487s] /usr/bin/ld: RadarFeaturesNode.cpp:(.text._ZN5radar13RadarFeatures15Cen2019FeaturesEN2cv3MatE[_ZN5radar13RadarFeatures15Cen2019FeaturesEN2cv3MatE]+0x983): undefined reference to `radar::min_range'
[25.577s] collect2: error: ld returned 1 exit status
[25.579s] gmake[2]: *** [CMakeFiles/radar_feature_node.dir/build.make:351: radar_feature_node] Error 1
[25.579s] gmake[1]: *** [CMakeFiles/Makefile2:137: CMakeFiles/radar_feature_node.dir/all] Error 2
[25.580s] gmake: *** [Makefile:146: all] Error 2
[25.583s] Invoked command in '/home/evan/code/ndt-loc/build/radar-odometry' returned '2': CMAKE_PREFIX_PATH=${CMAKE_PREFIX_PATH}:/opt/ros/humble /usr/bin/cmake --build /home/evan/code/ndt-loc/build/radar-odometry -- -j4 -l4
