[35m[1mConsolidate compiler generated dependencies of target lidar_data_node[0m
[35m[1mConsolidate compiler generated dependencies of target image_projection_node[0m
[ 12%] [32mBuilding CXX object CMakeFiles/lidar_data_node.dir/src/LidarData.cpp.o[0m
[ 25%] [32mBuilding CXX object CMakeFiles/front_end_node.dir/src/FrontEnd.cpp.o[0m
[ 37%] [32mBuilding CXX object CMakeFiles/image_projection_node.dir/src/ImageProjection.cpp.o[0m
[01m[K/home/evan/code/ndt-loc/src/map/src/ImageProjection.cpp:[m[K In member function â€˜[01m[Kvoid ndtloc::ImageProjection::GroundRemoval()[m[Kâ€™:
[01m[K/home/evan/code/ndt-loc/src/map/src/ImageProjection.cpp:108:26:[m[K [01;35m[Kwarning: [m[Kcomparison of integer expressions of different signedness: â€˜[01m[Kint[m[Kâ€™ and â€˜[01m[Kconst size_t[m[Kâ€™ {aka â€˜[01m[Kconst long unsigned int[m[Kâ€™} [[01;35m[K]8;;https://gcc.gnu.org/onlinedocs/gcc/Warning-Options.html#index-Wsign-compare-Wsign-compare]8;;[m[K]
  108 |         for(int i = 0; [01;35m[Ki < _ground_scan_index[m[K; i++){
      |                        [01;35m[K~~^~~~~~~~~~~~~~~~~~~~[m[K
[01m[K/home/evan/code/ndt-loc/src/map/src/ImageProjection.cpp:127:39:[m[K [01;31m[Kerror: [m[Kâ€˜[01m[K_DEG_TO_RAD[m[Kâ€™ was not declared in this scope
  127 |             if(vertical_angle <= 10 * [01;31m[K_DEG_TO_RAD[m[K){
      |                                       [01;31m[K^~~~~~~~~~~[m[K
gmake[2]: *** [CMakeFiles/image_projection_node.dir/build.make:76: CMakeFiles/image_projection_node.dir/src/ImageProjection.cpp.o] Error 1
gmake[1]: *** [CMakeFiles/Makefile2:169: CMakeFiles/image_projection_node.dir/all] Error 2
gmake[1]: *** Waiting for unfinished jobs....
[ 50%] [32m[1mLinking CXX executable lidar_data_node[0m
[ 50%] Built target lidar_data_node
[ 62%] [32m[1mLinking CXX executable front_end_node[0m
[ 62%] Built target front_end_node
gmake: *** [Makefile:146: all] Error 2
