[0.126s] Invoking command in '/home/evan/code/ndt-loc/build/map': CMAKE_PREFIX_PATH=${CMAKE_PREFIX_PATH}:/opt/ros/humble /usr/bin/cmake --build /home/evan/code/ndt-loc/build/map -- -j4 -l4
[0.730s] [35m[1mConsolidate compiler generated dependencies of target lidar_data_node[0m
[0.804s] [35m[1mConsolidate compiler generated dependencies of target image_projection_node[0m
[0.860s] [ 12%] [32mBuilding CXX object CMakeFiles/lidar_data_node.dir/src/LidarData.cpp.o[0m
[0.878s] [ 25%] [32mBuilding CXX object CMakeFiles/front_end_node.dir/src/FrontEnd.cpp.o[0m
[0.900s] [ 37%] [32mBuilding CXX object CMakeFiles/image_projection_node.dir/src/ImageProjection.cpp.o[0m
[11.566s] [01m[K/home/evan/code/ndt-loc/src/map/src/ImageProjection.cpp:[m[K In member function â€˜[01m[Kvoid ndtloc::ImageProjection::GroundRemoval()[m[Kâ€™:
[11.566s] [01m[K/home/evan/code/ndt-loc/src/map/src/ImageProjection.cpp:108:26:[m[K [01;35m[Kwarning: [m[Kcomparison of integer expressions of different signedness: â€˜[01m[Kint[m[Kâ€™ and â€˜[01m[Kconst size_t[m[Kâ€™ {aka â€˜[01m[Kconst long unsigned int[m[Kâ€™} [[01;35m[K]8;;https://gcc.gnu.org/onlinedocs/gcc/Warning-Options.html#index-Wsign-compare-Wsign-compare]8;;[m[K]
[11.567s]   108 |         for(int i = 0; [01;35m[Ki < _ground_scan_index[m[K; i++){
[11.567s]       |                        [01;35m[K~~^~~~~~~~~~~~~~~~~~~~[m[K
[11.589s] [01m[K/home/evan/code/ndt-loc/src/map/src/ImageProjection.cpp:127:39:[m[K [01;31m[Kerror: [m[Kâ€˜[01m[K_DEG_TO_RAD[m[Kâ€™ was not declared in this scope
[11.589s]   127 |             if(vertical_angle <= 10 * [01;31m[K_DEG_TO_RAD[m[K){
[11.589s]       |                                       [01;31m[K^~~~~~~~~~~[m[K
[15.848s] gmake[2]: *** [CMakeFiles/image_projection_node.dir/build.make:76: CMakeFiles/image_projection_node.dir/src/ImageProjection.cpp.o] Error 1
[15.848s] gmake[1]: *** [CMakeFiles/Makefile2:169: CMakeFiles/image_projection_node.dir/all] Error 2
[15.849s] gmake[1]: *** Waiting for unfinished jobs....
[20.597s] [ 50%] [32m[1mLinking CXX executable lidar_data_node[0m
[25.057s] [ 50%] Built target lidar_data_node
[31.470s] [ 62%] [32m[1mLinking CXX executable front_end_node[0m
[33.593s] [ 62%] Built target front_end_node
[33.594s] gmake: *** [Makefile:146: all] Error 2
[33.597s] Invoked command in '/home/evan/code/ndt-loc/build/map' returned '2': CMAKE_PREFIX_PATH=${CMAKE_PREFIX_PATH}:/opt/ros/humble /usr/bin/cmake --build /home/evan/code/ndt-loc/build/map -- -j4 -l4
