[0.077s] Invoking command in '/home/evan/code/ndt-loc/build/a-loam': CMAKE_PREFIX_PATH=${CMAKE_PREFIX_PATH}:/opt/ros/humble /usr/bin/cmake --build /home/evan/code/ndt-loc/build/a-loam -- -j4 -l4
[1.538s] -- Found ament_cmake: 1.3.3 (/opt/ros/humble/share/ament_cmake/cmake)
[2.257s] -- Found rclcpp: 16.0.3 (/opt/ros/humble/share/rclcpp/cmake)
[2.664s] -- Found rosidl_generator_c: 3.1.4 (/opt/ros/humble/share/rosidl_generator_c/cmake)
[2.701s] -- Found rosidl_adapter: 3.1.4 (/opt/ros/humble/share/rosidl_adapter/cmake)
[2.787s] -- Found rosidl_generator_cpp: 3.1.4 (/opt/ros/humble/share/rosidl_generator_cpp/cmake)
[2.867s] -- Using all available rosidl_typesupport_c: rosidl_typesupport_fastrtps_c;rosidl_typesupport_introspection_c
[3.076s] -- Using all available rosidl_typesupport_cpp: rosidl_typesupport_fastrtps_cpp;rosidl_typesupport_introspection_cpp
[3.403s] -- Found rmw_implementation_cmake: 6.1.1 (/opt/ros/humble/share/rmw_implementation_cmake/cmake)
[3.420s] -- Found rmw_fastrtps_cpp: 6.2.2 (/opt/ros/humble/share/rmw_fastrtps_cpp/cmake)
[3.903s] -- Using RMW implementation 'rmw_fastrtps_cpp' as default
[4.341s] -- Found sensor_msgs: 4.2.3 (/opt/ros/humble/share/sensor_msgs/cmake)
[4.605s] -- Found nav_msgs: 4.2.3 (/opt/ros/humble/share/nav_msgs/cmake)
[4.756s] -- Eigen found (include: /usr/include/eigen3, version: 3.4.0)
[4.940s] -- FLANN found (include: /usr/include, lib: /usr/lib/x86_64-linux-gnu/libflann_cpp.so)
[7.387s] -- OpenNI found (version: 1.5.4.0, include: /usr/include/ni, lib: /usr/lib/libOpenNI.so;libusb::libusb)
[7.411s] -- OpenNI2 found (version: 2.2.0.33, include: /usr/include/openni2, lib: /usr/lib/x86_64-linux-gnu/libOpenNI2.so;libusb::libusb)
[7.412s] [0m** WARNING ** io features related to pcap will be disabled[0m
[7.602s] -- Eigen found (include: /usr/include/eigen3, version: 3.4.0)
[7.609s] -- OpenNI found (version: 1.5.4.0, include: /usr/include/ni, lib: /usr/lib/libOpenNI.so;libusb::libusb)
[7.616s] -- OpenNI2 found (version: 2.2.0.33, include: /usr/include/openni2, lib: /usr/lib/x86_64-linux-gnu/libOpenNI2.so;libusb::libusb)
[8.044s] -- Found Qhull version 8.0.2
[8.255s] -- OpenNI found (version: 1.5.4.0, include: /usr/include/ni, lib: /usr/lib/libOpenNI.so;libusb::libusb)
[8.418s] -- looking for PCL_COMMON
[8.418s] -- looking for PCL_KDTREE
[8.419s] -- looking for PCL_OCTREE
[8.419s] -- looking for PCL_SEARCH
[8.420s] -- looking for PCL_SAMPLE_CONSENSUS
[8.420s] -- looking for PCL_FILTERS
[8.421s] -- looking for PCL_2D
[8.421s] -- looking for PCL_GEOMETRY
[8.421s] -- looking for PCL_IO
[8.422s] -- looking for PCL_FEATURES
[8.423s] -- looking for PCL_ML
[8.423s] -- looking for PCL_SEGMENTATION
[8.424s] -- looking for PCL_VISUALIZATION
[8.424s] -- looking for PCL_SURFACE
[8.425s] -- looking for PCL_REGISTRATION
[8.426s] -- looking for PCL_KEYPOINTS
[8.426s] -- looking for PCL_TRACKING
[8.426s] -- looking for PCL_RECOGNITION
[8.427s] -- looking for PCL_STEREO
[8.428s] -- looking for PCL_APPS
[8.429s] -- looking for PCL_IN_HAND_SCANNER
[8.429s] -- looking for PCL_MODELER
[8.429s] -- looking for PCL_POINT_CLOUD_EDITOR
[8.430s] -- looking for PCL_OUTOFCORE
[8.430s] -- looking for PCL_PEOPLE
[8.454s] -- Found pcl_conversions: 2.4.0 (/opt/ros/humble/share/pcl_conversions/cmake)
[9.655s] -- Found AMD headers in: /usr/include/suitesparse
[9.656s] -- Found AMD library: /usr/lib/x86_64-linux-gnu/libamd.so
[9.657s] -- Found CAMD headers in: /usr/include/suitesparse
[9.658s] -- Found CAMD library: /usr/lib/x86_64-linux-gnu/libcamd.so
[9.659s] -- Found CCOLAMD headers in: /usr/include/suitesparse
[9.660s] -- Found CCOLAMD library: /usr/lib/x86_64-linux-gnu/libccolamd.so
[9.661s] -- Found CHOLMOD headers in: /usr/include/suitesparse
[9.662s] -- Found CHOLMOD library: /usr/lib/x86_64-linux-gnu/libcholmod.so
[9.663s] -- Found COLAMD headers in: /usr/include/suitesparse
[9.664s] -- Found COLAMD library: /usr/lib/x86_64-linux-gnu/libcolamd.so
[9.665s] -- Found SPQR headers in: /usr/include/suitesparse
[9.667s] -- Found SPQR library: /usr/lib/x86_64-linux-gnu/libspqr.so
[9.667s] -- Found Config headers in: /usr/include/suitesparse
[9.669s] -- Found Config library: /usr/lib/x86_64-linux-gnu/libsuitesparseconfig.so
[9.670s] -- Found Intel Thread Building Blocks (TBB) library (2021.5 / ) include location: . Assuming SuiteSparseQR was compiled with TBB.
[9.670s] -- Looking for shm_open in rt
[9.779s] -- Looking for shm_open in rt - found
[9.780s] -- Adding librt to SuiteSparse_config libraries (required on Linux & Unix [not OSX] if SuiteSparse is compiled with timing).
[9.814s] -- Could NOT find METIS (missing: METIS_INCLUDE_DIR METIS_LIBRARY) 
[9.815s] -- Found SuiteSparse: /usr/include/suitesparse (found suitable version "5.10.1", minimum required is "5.10.1") found components: AMD CAMD CCOLAMD CHOLMOD COLAMD SPQR Config 
[9.886s] -- Found required Ceres dependency: Eigen version 3.4.0 in /usr/share/eigen3/cmake
[9.995s] -- Found required Ceres dependency: glog
[9.997s] -- Found required Ceres dependency: gflags
[9.999s] -- Found Ceres version: 2.2.0 installed in: /usr/local with components: [EigenSparse, SparseLinearAlgebraLibrary, LAPACK, SuiteSparse, SchurSpecializations]
[10.571s] -- Configuring done
[12.673s] -- Generating done
[12.684s] -- Build files have been written to: /home/evan/code/ndt-loc/build/a-loam
[12.841s] [ 16%] [32mBuilding CXX object CMakeFiles/laser_odometry_node.dir/src/LaserOdometryNode.cpp.o[0m
[12.843s] [ 33%] [32mBuilding CXX object CMakeFiles/laser_odometry_node.dir/src/common.cpp.o[0m
[12.870s] [35m[1mConsolidate compiler generated dependencies of target scan_registration_node[0m
[12.919s] [ 50%] [32mBuilding CXX object CMakeFiles/scan_registration_node.dir/src/ScanRegistrationNode.cpp.o[0m
[12.920s] [ 66%] [32mBuilding CXX object CMakeFiles/scan_registration_node.dir/src/common.cpp.o[0m
[22.073s] In file included from [01m[K/home/evan/code/ndt-loc/src/a-loam/include/a-loam/LaserOdometry.hpp:18[m[K,
[22.076s]                  from [01m[K/home/evan/code/ndt-loc/src/a-loam/src/LaserOdometryNode.cpp:1[m[K:
[22.076s] [01m[K/home/evan/code/ndt-loc/src/a-loam/include/a-loam/LidarFactor.hpp:[m[K In constructor â€˜[01m[KALOAM::LidarPlaneNormFactor::LidarPlaneNormFactor(Eigen::Vector3d, Eigen::Vector3d, double)[m[Kâ€™:
[22.076s] [01m[K/home/evan/code/ndt-loc/src/a-loam/include/a-loam/LidarFactor.hpp:96:71:[m[K [01;35m[Kwarning: [m[Kunused parameter â€˜[01m[Kplane_unit_norm_[m[Kâ€™ [[01;35m[K]8;;https://gcc.gnu.org/onlinedocs/gcc/Warning-Options.html#index-Wunused-parameter-Wunused-parameter]8;;[m[K]
[22.076s]    96 |     LidarPlaneNormFactor(Eigen::Vector3d curr_point_, [01;35m[KEigen::Vector3d plane_unit_norm_[m[K, double negative_OA_dot_norm_)
[22.076s]       |                                                       [01;35m[K~~~~~~~~~~~~~~~~^~~~~~~~~~~~~~~~[m[K
[22.514s] [01m[K/home/evan/code/ndt-loc/src/a-loam/src/LaserOdometryNode.cpp:[m[K In constructor â€˜[01m[KALOAM::LaserOdometryNode::LaserOdometryNode(std::string)[m[Kâ€™:
[22.514s] [01m[K/home/evan/code/ndt-loc/src/a-loam/src/LaserOdometryNode.cpp:26:68:[m[K [01;31m[Kerror: [m[Kexpected primary-expression before â€˜[01m[K>[m[Kâ€™ token
[22.515s]    26 |         subReadyToRun = this -> create_sub_node<std_msgs::msg::Bool[01;31m[K>[m[K(
[22.515s]       |                                                                    [01;31m[K^[m[K
[22.515s] [01m[K/home/evan/code/ndt-loc/src/a-loam/src/LaserOdometryNode.cpp:27:13:[m[K [01;35m[Kwarning: [m[Kleft operand of comma operator has no effect [[01;35m[K]8;;https://gcc.gnu.org/onlinedocs/gcc/Warning-Options.html#index-Wunused-value-Wunused-value]8;;[m[K]
[22.516s]    27 |             [01;35m[K"/scan_registration_is_ready"[m[K, 1, std::bind(&LaserOdometryNode::Run, this, std::placeholders::_1));
[22.516s]       |             [01;35m[K^~~~~~~~~~~~~~~~~~~~~~~~~~~~~[m[K
[22.519s] [01m[K/home/evan/code/ndt-loc/src/a-loam/src/LaserOdometryNode.cpp:27:109:[m[K [01;35m[Kwarning: [m[Kright operand of comma operator has no effect [[01;35m[K]8;;https://gcc.gnu.org/onlinedocs/gcc/Warning-Options.html#index-Wunused-value-Wunused-value]8;;[m[K]
[22.520s]    27 |             "/scan_registration_is_ready", 1, std::bind(&LaserOdometryNode::Run, this, std::placeholders::_1[01;35m[K)[m[K);
[22.520s]       |                                                                                                             [01;35m[K^[m[K
[27.042s] gmake[2]: *** [CMakeFiles/laser_odometry_node.dir/build.make:76: CMakeFiles/laser_odometry_node.dir/src/LaserOdometryNode.cpp.o] Error 1
[27.042s] gmake[1]: *** [CMakeFiles/Makefile2:165: CMakeFiles/laser_odometry_node.dir/all] Error 2
[27.042s] gmake[1]: *** Waiting for unfinished jobs....
[31.420s] [ 83%] [32m[1mLinking CXX executable scan_registration_node[0m
[38.913s] [ 83%] Built target scan_registration_node
[38.914s] gmake: *** [Makefile:146: all] Error 2
[38.918s] Invoked command in '/home/evan/code/ndt-loc/build/a-loam' returned '2': CMAKE_PREFIX_PATH=${CMAKE_PREFIX_PATH}:/opt/ros/humble /usr/bin/cmake --build /home/evan/code/ndt-loc/build/a-loam -- -j4 -l4
