[0.027s] Invoking command in '/home/evan/code/ndt-loc/build/map': CMAKE_PREFIX_PATH=${CMAKE_PREFIX_PATH}:/opt/ros/humble /usr/bin/cmake --build /home/evan/code/ndt-loc/build/map -- -j4 -l4
[0.112s] [35m[1mConsolidate compiler generated dependencies of target image_projection_node[0m
[0.150s] [ 12%] [32mBuilding CXX object CMakeFiles/show_map_node.dir/src/ShowMap.cpp.o[0m
[0.152s] [ 25%] [32mBuilding CXX object CMakeFiles/lidar_data_node.dir/src/LidarData.cpp.o[0m
[0.174s] [ 37%] [32mBuilding CXX object CMakeFiles/image_projection_node.dir/src/ImageProjection.cpp.o[0m
[0.186s] [ 50%] [32mBuilding CXX object CMakeFiles/front_end_node.dir/src/FrontEnd.cpp.o[0m
[13.525s] [01m[K/home/evan/code/ndt-loc/src/map/src/ImageProjection.cpp:[m[K In member function â€˜[01m[Kvoid ndtloc::ImageProjection::GroundRemoval()[m[Kâ€™:
[13.526s] [01m[K/home/evan/code/ndt-loc/src/map/src/ImageProjection.cpp:108:26:[m[K [01;35m[Kwarning: [m[Kcomparison of integer expressions of different signedness: â€˜[01m[Kint[m[Kâ€™ and â€˜[01m[Kconst size_t[m[Kâ€™ {aka â€˜[01m[Kconst long unsigned int[m[Kâ€™} [[01;35m[K]8;;https://gcc.gnu.org/onlinedocs/gcc/Warning-Options.html#index-Wsign-compare-Wsign-compare]8;;[m[K]
[13.527s]   108 |         for(int i = 0; [01;35m[Ki < _ground_scan_index[m[K; i++){
[13.528s]       |                        [01;35m[K~~^~~~~~~~~~~~~~~~~~~~[m[K
[13.547s] [01m[K/home/evan/code/ndt-loc/src/map/src/ImageProjection.cpp:127:39:[m[K [01;31m[Kerror: [m[Kâ€˜[01m[K_DEG_TO_RAD[m[Kâ€™ was not declared in this scope
[13.547s]   127 |             if(vertical_angle <= 10 * [01;31m[K_DEG_TO_RAD[m[K){
[13.547s]       |                                       [01;31m[K^~~~~~~~~~~[m[K
[13.574s] [01m[K/home/evan/code/ndt-loc/src/map/src/ImageProjection.cpp:[m[K In member function â€˜[01m[Kvoid ndtloc::ImageProjection::LabelComponents(int, int)[m[Kâ€™:
[13.574s] [01m[K/home/evan/code/ndt-loc/src/map/src/ImageProjection.cpp:213:19:[m[K [01;31m[Kerror: [m[Kredeclaration of â€˜[01m[Kfloat d1[m[Kâ€™
[13.574s]   213 |             float [01;31m[Kd1[m[K = std::min(range_mat(fromInd.x(), fromInd.y()),
[13.575s]       |                   [01;31m[K^~[m[K
[13.575s] [01m[K/home/evan/code/ndt-loc/src/map/src/ImageProjection.cpp:211:19:[m[K [01;36m[Knote: [m[Kâ€˜[01m[Kfloat d1[m[Kâ€™ previously declared here
[13.575s]   211 |             float [01;36m[Kd1[m[K = std::max(range_mat(fromInd.x(), fromInd.y()),
[13.575s]       |                   [01;36m[K^~[m[K
[13.579s] [01m[K/home/evan/code/ndt-loc/src/map/src/ImageProjection.cpp:217:27:[m[K [01;31m[Kerror: [m[Kâ€˜[01m[Kd2[m[Kâ€™ was not declared in this scope; did you mean â€˜[01m[Kd1[m[Kâ€™?
[13.580s]   217 |             float tang = ([01;31m[Kd2[m[K * sin(alpha)) / (d1 - d2 * cos(alpha));
[13.580s]       |                           [01;31m[K^~[m[K
[13.580s]       |                           [32m[Kd1[m[K
[22.590s] gmake[2]: *** [CMakeFiles/image_projection_node.dir/build.make:76: CMakeFiles/image_projection_node.dir/src/ImageProjection.cpp.o] Error 1
[22.620s] gmake[1]: *** [CMakeFiles/Makefile2:169: CMakeFiles/image_projection_node.dir/all] Error 2
[22.620s] gmake[1]: *** Waiting for unfinished jobs....
